<?xml version="1.0" encoding="UTF-8"?>
<testng-results skipped="0" failed="0" total="2" passed="2">
  <reporter-output>
  </reporter-output>
  <suite name="Default suite" duration-ms="6788" started-at="2019-12-19T19:50:03Z" finished-at="2019-12-19T19:50:10Z">
    <groups>
    </groups>
    <test name="Default test" duration-ms="6788" started-at="2019-12-19T19:50:03Z" finished-at="2019-12-19T19:50:10Z">
      <class name="iqvia.APITest.TC1APITest">
        <test-method status="PASS" signature="getCapitalList()[pri:0, instance:iqvia.APITest.TC1APITest@343f4d3d]" name="getCapitalList" is-config="true" duration-ms="4483" started-at="2019-12-20T01:20:03Z" finished-at="2019-12-20T01:20:07Z">
          <reporter-output>
          </reporter-output>
        </test-method> <!-- getCapitalList -->
        <test-method status="PASS" signature="checkCapital()[pri:0, instance:iqvia.APITest.TC1APITest@343f4d3d]" name="checkCapital" duration-ms="1262" started-at="2019-12-20T01:20:07Z" finished-at="2019-12-20T01:20:09Z">
          <reporter-output>
          </reporter-output>
        </test-method> <!-- checkCapital -->
        <test-method status="PASS" signature="checkCapitalFalse()[pri:0, instance:iqvia.APITest.TC1APITest@343f4d3d]" name="checkCapitalFalse" duration-ms="1017" started-at="2019-12-20T01:20:09Z" finished-at="2019-12-20T01:20:10Z">
          <reporter-output>
          </reporter-output>
        </test-method> <!-- checkCapitalFalse -->
      </class> <!-- iqvia.APITest.TC1APITest -->
    </test> <!-- Default test -->
  </suite> <!-- Default suite -->
</testng-results>
